生成启动时间为 2016/2/29 1:28:30。
     1>项目“C:\Si24\Si22peakcali\tcpp\1\1\1.vcxproj”在节点 2 上(build 个目标)。
     1>InitializeBuildStatus:
         正在创建“Debug\1.unsuccessfulbuild”，因为已指定“AlwaysCreate”。
       ClCompile:
         C:\Program Files (x86)\Microsoft Visual Studio 10.0\VC\bin\CL.exe /c /IC:\rootinclude /IC:\root\include /ZI /nologo /W3 /WX- /Od /Oy- /D WIN32 /D _DEBUG /D _CONSOLE /D _UNICODE /D UNICODE /Gm /EHsc /RTC1 /MDd /GS /fp:precise /Zc:wchar_t /Zc:forScope /Fo"Debug\\" /Fd"Debug\vc100.pdb" /Gd /TP /analyze- /errorReport:prompt 1.cpp
         1.cpp
     1>c:\root\include\tstring.h(503): warning C4996: 'sprintf': This function or variable may be unsafe. Consider using sprintf_s instead. To disable deprecation, use _CRT_SECURE_NO_WARNINGS. See online help for details.
                 c:\program files (x86)\microsoft visual studio 10.0\vc\include\stdio.h(371) : 参见“sprintf”的声明
     1>c:\root\include\tstring.h(506): warning C4996: 'sprintf': This function or variable may be unsafe. Consider using sprintf_s instead. To disable deprecation, use _CRT_SECURE_NO_WARNINGS. See online help for details.
                 c:\program files (x86)\microsoft visual studio 10.0\vc\include\stdio.h(371) : 参见“sprintf”的声明
     1>c:\root\include\tstring.h(524): warning C4996: 'sprintf': This function or variable may be unsafe. Consider using sprintf_s instead. To disable deprecation, use _CRT_SECURE_NO_WARNINGS. See online help for details.
                 c:\program files (x86)\microsoft visual studio 10.0\vc\include\stdio.h(371) : 参见“sprintf”的声明
     1>c:\root\include\tstring.h(535): warning C4996: 'sprintf': This function or variable may be unsafe. Consider using sprintf_s instead. To disable deprecation, use _CRT_SECURE_NO_WARNINGS. See online help for details.
                 c:\program files (x86)\microsoft visual studio 10.0\vc\include\stdio.h(371) : 参见“sprintf”的声明
     1>c:\root\include\tstring.h(543): warning C4996: 'sprintf': This function or variable may be unsafe. Consider using sprintf_s instead. To disable deprecation, use _CRT_SECURE_NO_WARNINGS. See online help for details.
                 c:\program files (x86)\microsoft visual studio 10.0\vc\include\stdio.h(371) : 参见“sprintf”的声明
     1>c:\root\include\tpad.h(326): warning C4800: “Int_t”: 将值强制为布尔值“true”或“false”(性能警告)
     1>c:\root\include\tpad.h(326): warning C4800: “Int_t”: 将值强制为布尔值“true”或“false”(性能警告)
     1>c:\root\include\tpad.h(327): warning C4800: “Int_t”: 将值强制为布尔值“true”或“false”(性能警告)
     1>c:\root\include\tpad.h(328): warning C4800: “Int_t”: 将值强制为布尔值“true”或“false”(性能警告)
     1>c:\root\include\tpad.h(384): warning C4800: “TVirtualViewer3D *const ”: 将值强制为布尔值“true”或“false”(性能警告)
     1>c:\si24\si22peakcali\tcpp\1\1\1.cpp(36): warning C4996: 'sprintf': This function or variable may be unsafe. Consider using sprintf_s instead. To disable deprecation, use _CRT_SECURE_NO_WARNINGS. See online help for details.
                 c:\program files (x86)\microsoft visual studio 10.0\vc\include\stdio.h(371) : 参见“sprintf”的声明
       Link:
         C:\Program Files (x86)\Microsoft Visual Studio 10.0\VC\bin\link.exe /ERRORREPORT:PROMPT /OUT:"C:\Si24\Si22peakcali\tcpp\1\Debug\1.exe" /INCREMENTAL /NOLOGO /LIBPATH:C:\rootlib /LIBPATH:C:\root\lib libCore.lib libCint.lib libHist.lib libGraf.lib libGraf3d.lib libGpad.lib libTree.lib libRint.lib libPostscript.lib libMatrix.lib libPhysics.lib libNet.lib libRIO.lib libMathCore.lib kernel32.lib user32.lib gdi32.lib winspool.lib comdlg32.lib advapi32.lib shell32.lib ole32.lib oleaut32.lib uuid.lib odbc32.lib odbccp32.lib kernel32.lib user32.lib gdi32.lib winspool.lib comdlg32.lib advapi32.lib shell32.lib ole32.lib oleaut32.lib uuid.lib odbc32.lib odbccp32.lib /MANIFEST /ManifestFile:"Debug\1.exe.intermediate.manifest" /MANIFESTUAC:"level='asInvoker' uiAccess='false'" /DEBUG /PDB:"C:\Si24\Si22peakcali\tcpp\1\Debug\1.pdb" /SUBSYSTEM:CONSOLE /TLBID:1 /DYNAMICBASE /NXCOMPAT /IMPLIB:"C:\Si24\Si22peakcali\tcpp\1\Debug\1.lib" /MACHINE:X86 Debug\1.obj
         1.vcxproj -> C:\Si24\Si22peakcali\tcpp\1\Debug\1.exe
       Manifest:
         C:\Program Files (x86)\Microsoft SDKs\Windows\v7.0A\bin\mt.exe /nologo /verbose /out:"C:\Si24\Si22peakcali\tcpp\1\Debug\1.exe.manifest" /manifest Debug\1.exe.intermediate.manifest
       FinalizeBuildStatus:
         正在删除文件“Debug\1.unsuccessfulbuild”。
         正在对“Debug\1.lastbuildstate”执行 Touch 任务。
     1>已完成生成项目“C:\Si24\Si22peakcali\tcpp\1\1\1.vcxproj”(build 个目标)的操作。

生成成功。

已用时间 00:00:01.66
